  libCIPSI1.c
C:\Users\ASUS\source\repos\prog_c_pour_img\src\libCIPSI1.c(113,11): error C4996: 'fopen': This function or variable may be unsafe. Consider using fopen_s instead. To disable deprecation, use _CRT_SECURE_NO_WARNINGS. See online help for details.
C:\Users\ASUS\source\repos\prog_c_pour_img\src\libCIPSI1.c(128,8): error C4996: 'fopen': This function or variable may be unsafe. Consider using fopen_s instead. To disable deprecation, use _CRT_SECURE_NO_WARNINGS. See online help for details.
C:\Users\ASUS\source\repos\prog_c_pour_img\src\libCIPSI1.c(131,4): error C4996: 'fscanf': This function or variable may be unsafe. Consider using fscanf_s instead. To disable deprecation, use _CRT_SECURE_NO_WARNINGS. See online help for details.
C:\Users\ASUS\source\repos\prog_c_pour_img\src\libCIPSI1.c(132,4): error C4996: 'fscanf': This function or variable may be unsafe. Consider using fscanf_s instead. To disable deprecation, use _CRT_SECURE_NO_WARNINGS. See online help for details.
C:\Users\ASUS\source\repos\prog_c_pour_img\src\libCIPSI1.c(133,4): error C4996: 'fscanf': This function or variable may be unsafe. Consider using fscanf_s instead. To disable deprecation, use _CRT_SECURE_NO_WARNINGS. See online help for details.
C:\Users\ASUS\source\repos\prog_c_pour_img\src\libCIPSI1.c(135,4): error C4996: 'fscanf': This function or variable may be unsafe. Consider using fscanf_s instead. To disable deprecation, use _CRT_SECURE_NO_WARNINGS. See online help for details.
C:\Users\ASUS\source\repos\prog_c_pour_img\src\libCIPSI1.c(139,6): error C4996: 'fscanf': This function or variable may be unsafe. Consider using fscanf_s instead. To disable deprecation, use _CRT_SECURE_NO_WARNINGS. See online help for details.
C:\Users\ASUS\source\repos\prog_c_pour_img\src\libCIPSI1.c(140,5): error C4996: 'fscanf': This function or variable may be unsafe. Consider using fscanf_s instead. To disable deprecation, use _CRT_SECURE_NO_WARNINGS. See online help for details.
C:\Users\ASUS\source\repos\prog_c_pour_img\src\libCIPSI1.c(144,5): error C4996: 'fscanf': This function or variable may be unsafe. Consider using fscanf_s instead. To disable deprecation, use _CRT_SECURE_NO_WARNINGS. See online help for details.
C:\Users\ASUS\source\repos\prog_c_pour_img\src\libCIPSI1.c(147,4): error C4996: 'fscanf': This function or variable may be unsafe. Consider using fscanf_s instead. To disable deprecation, use _CRT_SECURE_NO_WARNINGS. See online help for details.
C:\Users\ASUS\source\repos\prog_c_pour_img\src\libCIPSI1.c(151,6): error C4996: 'fscanf': This function or variable may be unsafe. Consider using fscanf_s instead. To disable deprecation, use _CRT_SECURE_NO_WARNINGS. See online help for details.
C:\Users\ASUS\source\repos\prog_c_pour_img\src\libCIPSI1.c(152,5): error C4996: 'fscanf': This function or variable may be unsafe. Consider using fscanf_s instead. To disable deprecation, use _CRT_SECURE_NO_WARNINGS. See online help for details.
C:\Users\ASUS\source\repos\prog_c_pour_img\src\libCIPSI1.c(156,5): error C4996: 'fscanf': This function or variable may be unsafe. Consider using fscanf_s instead. To disable deprecation, use _CRT_SECURE_NO_WARNINGS. See online help for details.
C:\Users\ASUS\source\repos\prog_c_pour_img\src\libCIPSI1.c(159,4): error C4996: 'fscanf': This function or variable may be unsafe. Consider using fscanf_s instead. To disable deprecation, use _CRT_SECURE_NO_WARNINGS. See online help for details.
C:\Users\ASUS\source\repos\prog_c_pour_img\src\libCIPSI1.c(163,6): error C4996: 'fscanf': This function or variable may be unsafe. Consider using fscanf_s instead. To disable deprecation, use _CRT_SECURE_NO_WARNINGS. See online help for details.
C:\Users\ASUS\source\repos\prog_c_pour_img\src\libCIPSI1.c(164,5): error C4996: 'fscanf': This function or variable may be unsafe. Consider using fscanf_s instead. To disable deprecation, use _CRT_SECURE_NO_WARNINGS. See online help for details.
C:\Users\ASUS\source\repos\prog_c_pour_img\src\libCIPSI1.c(168,5): error C4996: 'fscanf': This function or variable may be unsafe. Consider using fscanf_s instead. To disable deprecation, use _CRT_SECURE_NO_WARNINGS. See online help for details.
C:\Users\ASUS\source\repos\prog_c_pour_img\src\libCIPSI1.c(186,7): error C4996: 'fscanf': This function or variable may be unsafe. Consider using fscanf_s instead. To disable deprecation, use _CRT_SECURE_NO_WARNINGS. See online help for details.
C:\Users\ASUS\source\repos\prog_c_pour_img\src\libCIPSI1.c(196,9): error C4996: 'fopen': This function or variable may be unsafe. Consider using fopen_s instead. To disable deprecation, use _CRT_SECURE_NO_WARNINGS. See online help for details.
C:\Users\ASUS\source\repos\prog_c_pour_img\src\libCIPSI1.c(266,8): error C4996: 'fopen': This function or variable may be unsafe. Consider using fopen_s instead. To disable deprecation, use _CRT_SECURE_NO_WARNINGS. See online help for details.
C:\Users\ASUS\source\repos\prog_c_pour_img\src\libCIPSI1.c(286,9): error C4996: 'fopen': This function or variable may be unsafe. Consider using fopen_s instead. To disable deprecation, use _CRT_SECURE_NO_WARNINGS. See online help for details.
C:\Users\ASUS\source\repos\prog_c_pour_img\src\libCIPSI1.c(290,5): error C4996: 'sprintf': This function or variable may be unsafe. Consider using sprintf_s instead. To disable deprecation, use _CRT_SECURE_NO_WARNINGS. See online help for details.
C:\Users\ASUS\source\repos\prog_c_pour_img\src\libCIPSI1.c(360,11): warning C4133: 'fonction' : types incompatibles - de 'FILE *' à 'const char *const '
C:\Users\ASUS\source\repos\prog_c_pour_img\src\libCIPSI1.c(361,11): warning C4133: 'fonction' : types incompatibles - de 'FILE *' à 'const char *const '
C:\Users\ASUS\source\repos\prog_c_pour_img\src\libCIPSI1.c(362,11): warning C4133: 'fonction' : types incompatibles - de 'FILE *' à 'const char *const '
C:\Users\ASUS\source\repos\prog_c_pour_img\src\libCIPSI1.c(364,11): warning C4133: 'fonction' : types incompatibles - de 'FILE *' à 'const char *const '
C:\Users\ASUS\source\repos\prog_c_pour_img\src\libCIPSI1.c(368,13): warning C4133: 'fonction' : types incompatibles - de 'FILE *' à 'const char *const '
C:\Users\ASUS\source\repos\prog_c_pour_img\src\libCIPSI1.c(369,12): warning C4133: 'fonction' : types incompatibles - de 'FILE *' à 'const char *const '
C:\Users\ASUS\source\repos\prog_c_pour_img\src\libCIPSI1.c(373,12): warning C4133: 'fonction' : types incompatibles - de 'FILE *' à 'const char *const '
C:\Users\ASUS\source\repos\prog_c_pour_img\src\libCIPSI1.c(376,11): warning C4133: 'fonction' : types incompatibles - de 'FILE *' à 'const char *const '
C:\Users\ASUS\source\repos\prog_c_pour_img\src\libCIPSI1.c(380,13): warning C4133: 'fonction' : types incompatibles - de 'FILE *' à 'const char *const '
C:\Users\ASUS\source\repos\prog_c_pour_img\src\libCIPSI1.c(381,12): warning C4133: 'fonction' : types incompatibles - de 'FILE *' à 'const char *const '
C:\Users\ASUS\source\repos\prog_c_pour_img\src\libCIPSI1.c(385,12): warning C4133: 'fonction' : types incompatibles - de 'FILE *' à 'const char *const '
C:\Users\ASUS\source\repos\prog_c_pour_img\src\libCIPSI1.c(388,11): warning C4133: 'fonction' : types incompatibles - de 'FILE *' à 'const char *const '
C:\Users\ASUS\source\repos\prog_c_pour_img\src\libCIPSI1.c(392,13): warning C4133: 'fonction' : types incompatibles - de 'FILE *' à 'const char *const '
C:\Users\ASUS\source\repos\prog_c_pour_img\src\libCIPSI1.c(393,12): warning C4133: 'fonction' : types incompatibles - de 'FILE *' à 'const char *const '
C:\Users\ASUS\source\repos\prog_c_pour_img\src\libCIPSI1.c(397,12): warning C4133: 'fonction' : types incompatibles - de 'FILE *' à 'const char *const '
C:\Users\ASUS\source\repos\prog_c_pour_img\src\libCIPSI1.c(341,11): error C4996: 'fopen': This function or variable may be unsafe. Consider using fopen_s instead. To disable deprecation, use _CRT_SECURE_NO_WARNINGS. See online help for details.
C:\Users\ASUS\source\repos\prog_c_pour_img\src\libCIPSI1.c(357,8): error C4996: 'fopen': This function or variable may be unsafe. Consider using fopen_s instead. To disable deprecation, use _CRT_SECURE_NO_WARNINGS. See online help for details.
C:\Users\ASUS\source\repos\prog_c_pour_img\src\libCIPSI1.c(360,4): error C4996: 'scanf': This function or variable may be unsafe. Consider using scanf_s instead. To disable deprecation, use _CRT_SECURE_NO_WARNINGS. See online help for details.
C:\Users\ASUS\source\repos\prog_c_pour_img\src\libCIPSI1.c(361,4): error C4996: 'scanf': This function or variable may be unsafe. Consider using scanf_s instead. To disable deprecation, use _CRT_SECURE_NO_WARNINGS. See online help for details.
C:\Users\ASUS\source\repos\prog_c_pour_img\src\libCIPSI1.c(362,4): error C4996: 'scanf': This function or variable may be unsafe. Consider using scanf_s instead. To disable deprecation, use _CRT_SECURE_NO_WARNINGS. See online help for details.
C:\Users\ASUS\source\repos\prog_c_pour_img\src\libCIPSI1.c(364,4): error C4996: 'scanf': This function or variable may be unsafe. Consider using scanf_s instead. To disable deprecation, use _CRT_SECURE_NO_WARNINGS. See online help for details.
C:\Users\ASUS\source\repos\prog_c_pour_img\src\libCIPSI1.c(368,6): error C4996: 'scanf': This function or variable may be unsafe. Consider using scanf_s instead. To disable deprecation, use _CRT_SECURE_NO_WARNINGS. See online help for details.
C:\Users\ASUS\source\repos\prog_c_pour_img\src\libCIPSI1.c(369,5): error C4996: 'scanf': This function or variable may be unsafe. Consider using scanf_s instead. To disable deprecation, use _CRT_SECURE_NO_WARNINGS. See online help for details.
C:\Users\ASUS\source\repos\prog_c_pour_img\src\libCIPSI1.c(373,5): error C4996: 'scanf': This function or variable may be unsafe. Consider using scanf_s instead. To disable deprecation, use _CRT_SECURE_NO_WARNINGS. See online help for details.
C:\Users\ASUS\source\repos\prog_c_pour_img\src\libCIPSI1.c(376,4): error C4996: 'scanf': This function or variable may be unsafe. Consider using scanf_s instead. To disable deprecation, use _CRT_SECURE_NO_WARNINGS. See online help for details.
C:\Users\ASUS\source\repos\prog_c_pour_img\src\libCIPSI1.c(380,6): error C4996: 'scanf': This function or variable may be unsafe. Consider using scanf_s instead. To disable deprecation, use _CRT_SECURE_NO_WARNINGS. See online help for details.
C:\Users\ASUS\source\repos\prog_c_pour_img\src\libCIPSI1.c(381,5): error C4996: 'scanf': This function or variable may be unsafe. Consider using scanf_s instead. To disable deprecation, use _CRT_SECURE_NO_WARNINGS. See online help for details.
C:\Users\ASUS\source\repos\prog_c_pour_img\src\libCIPSI1.c(385,5): error C4996: 'scanf': This function or variable may be unsafe. Consider using scanf_s instead. To disable deprecation, use _CRT_SECURE_NO_WARNINGS. See online help for details.
C:\Users\ASUS\source\repos\prog_c_pour_img\src\libCIPSI1.c(388,4): error C4996: 'scanf': This function or variable may be unsafe. Consider using scanf_s instead. To disable deprecation, use _CRT_SECURE_NO_WARNINGS. See online help for details.
C:\Users\ASUS\source\repos\prog_c_pour_img\src\libCIPSI1.c(392,6): error C4996: 'scanf': This function or variable may be unsafe. Consider using scanf_s instead. To disable deprecation, use _CRT_SECURE_NO_WARNINGS. See online help for details.
C:\Users\ASUS\source\repos\prog_c_pour_img\src\libCIPSI1.c(393,5): error C4996: 'scanf': This function or variable may be unsafe. Consider using scanf_s instead. To disable deprecation, use _CRT_SECURE_NO_WARNINGS. See online help for details.
C:\Users\ASUS\source\repos\prog_c_pour_img\src\libCIPSI1.c(397,5): error C4996: 'scanf': This function or variable may be unsafe. Consider using scanf_s instead. To disable deprecation, use _CRT_SECURE_NO_WARNINGS. See online help for details.
C:\Users\ASUS\source\repos\prog_c_pour_img\src\libCIPSI1.c(415,7): error C4996: 'fscanf': This function or variable may be unsafe. Consider using fscanf_s instead. To disable deprecation, use _CRT_SECURE_NO_WARNINGS. See online help for details.
C:\Users\ASUS\source\repos\prog_c_pour_img\src\libCIPSI1.c(417,7): error C4996: 'fscanf': This function or variable may be unsafe. Consider using fscanf_s instead. To disable deprecation, use _CRT_SECURE_NO_WARNINGS. See online help for details.
C:\Users\ASUS\source\repos\prog_c_pour_img\src\libCIPSI1.c(419,7): error C4996: 'fscanf': This function or variable may be unsafe. Consider using fscanf_s instead. To disable deprecation, use _CRT_SECURE_NO_WARNINGS. See online help for details.
C:\Users\ASUS\source\repos\prog_c_pour_img\src\libCIPSI1.c(429,9): error C4996: 'fopen': This function or variable may be unsafe. Consider using fopen_s instead. To disable deprecation, use _CRT_SECURE_NO_WARNINGS. See online help for details.
C:\Users\ASUS\source\repos\prog_c_pour_img\src\libCIPSI1.c(499,8): error C4996: 'fopen': This function or variable may be unsafe. Consider using fopen_s instead. To disable deprecation, use _CRT_SECURE_NO_WARNINGS. See online help for details.
C:\Users\ASUS\source\repos\prog_c_pour_img\src\libCIPSI1.c(522,9): error C4996: 'fopen': This function or variable may be unsafe. Consider using fopen_s instead. To disable deprecation, use _CRT_SECURE_NO_WARNINGS. See online help for details.
C:\Users\ASUS\source\repos\prog_c_pour_img\src\libCIPSI1.c(526,5): error C4996: 'sprintf': This function or variable may be unsafe. Consider using sprintf_s instead. To disable deprecation, use _CRT_SECURE_NO_WARNINGS. See online help for details.
C:\Users\ASUS\source\repos\prog_c_pour_img\src\libCIPSI1.c(645,1): warning C4029: la déclaration de la liste de paramètres formels est différente de la définition
C:\Users\ASUS\source\repos\prog_c_pour_img\src\libCIPSI1.c(663,8): error C4996: 'fopen': This function or variable may be unsafe. Consider using fopen_s instead. To disable deprecation, use _CRT_SECURE_NO_WARNINGS. See online help for details.
C:\Users\ASUS\source\repos\prog_c_pour_img\src\libCIPSI1.c(697,8): error C4996: 'fopen': This function or variable may be unsafe. Consider using fopen_s instead. To disable deprecation, use _CRT_SECURE_NO_WARNINGS. See online help for details.
